[     599ms] [ERROR] Failed to load resource: the server responded with a status of 404 (Not Found) @ http://localhost:4321/@fontsource-variable/geist/files/geist-latin-wght-normal.woff2:0
[     600ms] [ERROR] Failed to load resource: the server responded with a status of 404 (Not Found) @ http://localhost:4321/@fontsource-variable/inter/files/inter-latin-wght-normal.woff2:0
[     631ms] [ERROR] Failed to load resource: the server responded with a status of 504 (Outdated Optimize Dep) @ http://localhost:4321/@id/astro/runtime/client/dev-toolbar/entrypoint.js:0
[    3815ms] [WARNING] The resource http://localhost:4321/@fontsource-variable/inter/files/inter-latin-wght-normal.woff2 was preloaded using link preload but not used within a few seconds from the window's load event. Please make sure it has an appropriate `as` value and it is preloaded intentionally. @ http://localhost:4321/:0
[    3816ms] [WARNING] The resource http://localhost:4321/@fontsource-variable/geist/files/geist-latin-wght-normal.woff2 was preloaded using link preload but not used within a few seconds from the window's load event. Please make sure it has an appropriate `as` value and it is preloaded intentionally. @ http://localhost:4321/:0
[  228637ms] [ERROR] Failed to load resource: the server responded with a status of 404 (Not Found) @ http://localhost:4321/@fontsource-variable/geist/files/geist-latin-wght-normal.woff2:0
[  228637ms] [ERROR] Failed to load resource: the server responded with a status of 404 (Not Found) @ http://localhost:4321/@fontsource-variable/inter/files/inter-latin-wght-normal.woff2:0
[  228691ms] [ERROR] Failed to load resource: the server responded with a status of 504 (Outdated Optimize Dep) @ http://localhost:4321/@id/astro/runtime/client/dev-toolbar/entrypoint.js:0
[  232116ms] [WARNING] The resource http://localhost:4321/@fontsource-variable/inter/files/inter-latin-wght-normal.woff2 was preloaded using link preload but not used within a few seconds from the window's load event. Please make sure it has an appropriate `as` value and it is preloaded intentionally. @ http://localhost:4321/:0
[  232116ms] [WARNING] The resource http://localhost:4321/@fontsource-variable/geist/files/geist-latin-wght-normal.woff2 was preloaded using link preload but not used within a few seconds from the window's load event. Please make sure it has an appropriate `as` value and it is preloaded intentionally. @ http://localhost:4321/:0
[  246143ms] [ERROR] Failed to load resource: the server responded with a status of 504 (Outdated Optimize Dep) @ http://localhost:4321/@id/astro/runtime/client/dev-toolbar/entrypoint.js:0
[  246146ms] [ERROR] Failed to load resource: the server responded with a status of 404 (Not Found) @ http://localhost:4321/@fontsource-variable/inter/files/inter-latin-wght-normal.woff2:0
[  246147ms] [ERROR] Failed to load resource: the server responded with a status of 404 (Not Found) @ http://localhost:4321/@fontsource-variable/geist/files/geist-latin-wght-normal.woff2:0
[  249293ms] [WARNING] The resource http://localhost:4321/@fontsource-variable/inter/files/inter-latin-wght-normal.woff2 was preloaded using link preload but not used within a few seconds from the window's load event. Please make sure it has an appropriate `as` value and it is preloaded intentionally. @ http://localhost:4321/:0
[  249293ms] [WARNING] The resource http://localhost:4321/@fontsource-variable/geist/files/geist-latin-wght-normal.woff2 was preloaded using link preload but not used within a few seconds from the window's load event. Please make sure it has an appropriate `as` value and it is preloaded intentionally. @ http://localhost:4321/:0
[  260032ms] [ERROR] Failed to load resource: the server responded with a status of 404 (Not Found) @ http://localhost:4321/@fontsource-variable/geist/files/geist-latin-wght-normal.woff2:0
[  260034ms] [ERROR] Failed to load resource: the server responded with a status of 404 (Not Found) @ http://localhost:4321/@fontsource-variable/inter/files/inter-latin-wght-normal.woff2:0
[  260042ms] [ERROR] Failed to load resource: the server responded with a status of 504 (Outdated Optimize Dep) @ http://localhost:4321/@id/astro/runtime/client/dev-toolbar/entrypoint.js:0
[  263150ms] [WARNING] The resource http://localhost:4321/@fontsource-variable/inter/files/inter-latin-wght-normal.woff2 was preloaded using link preload but not used within a few seconds from the window's load event. Please make sure it has an appropriate `as` value and it is preloaded intentionally. @ http://localhost:4321/:0
[  263150ms] [WARNING] The resource http://localhost:4321/@fontsource-variable/geist/files/geist-latin-wght-normal.woff2 was preloaded using link preload but not used within a few seconds from the window's load event. Please make sure it has an appropriate `as` value and it is preloaded intentionally. @ http://localhost:4321/:0
