[     564ms] [ERROR] Failed to load resource: the server responded with a status of 404 (Not Found) @ http://localhost:4321/@fontsource-variable/geist/files/geist-latin-wght-normal.woff2:0
[     564ms] [ERROR] Failed to load resource: the server responded with a status of 404 (Not Found) @ http://localhost:4321/@fontsource-variable/inter/files/inter-latin-wght-normal.woff2:0
[     572ms] [ERROR] Failed to load resource: the server responded with a status of 504 (Outdated Optimize Dep) @ http://localhost:4321/@id/astro/runtime/client/dev-toolbar/entrypoint.js:0
[    3616ms] [WARNING] The resource http://localhost:4321/@fontsource-variable/inter/files/inter-latin-wght-normal.woff2 was preloaded using link preload but not used within a few seconds from the window's load event. Please make sure it has an appropriate `as` value and it is preloaded intentionally. @ http://localhost:4321/:0
[    3617ms] [WARNING] The resource http://localhost:4321/@fontsource-variable/geist/files/geist-latin-wght-normal.woff2 was preloaded using link preload but not used within a few seconds from the window's load event. Please make sure it has an appropriate `as` value and it is preloaded intentionally. @ http://localhost:4321/:0
[   20557ms] [WARNING] The resource http://localhost:4321/@fontsource-variable/inter/files/inter-latin-wght-normal.woff2 was preloaded using link preload but not used within a few seconds from the window's load event. Please make sure it has an appropriate `as` value and it is preloaded intentionally. @ http://localhost:4321/:0
[   20557ms] [WARNING] The resource http://localhost:4321/@fontsource-variable/geist/files/geist-latin-wght-normal.woff2 was preloaded using link preload but not used within a few seconds from the window's load event. Please make sure it has an appropriate `as` value and it is preloaded intentionally. @ http://localhost:4321/:0
[  139058ms] [ERROR] Failed to load resource: the server responded with a status of 404 (Not Found) @ http://localhost:4321/@fontsource-variable/geist/files/geist-latin-wght-normal.woff2:0
[  139058ms] [ERROR] Failed to load resource: the server responded with a status of 404 (Not Found) @ http://localhost:4321/@fontsource-variable/inter/files/inter-latin-wght-normal.woff2:0
[  139059ms] [ERROR] Failed to load resource: the server responded with a status of 504 (Outdated Optimize Dep) @ http://localhost:4321/@id/astro/runtime/client/dev-toolbar/entrypoint.js:0
[  142175ms] [WARNING] The resource http://localhost:4321/@fontsource-variable/inter/files/inter-latin-wght-normal.woff2 was preloaded using link preload but not used within a few seconds from the window's load event. Please make sure it has an appropriate `as` value and it is preloaded intentionally. @ http://localhost:4321/:0
[  142175ms] [WARNING] The resource http://localhost:4321/@fontsource-variable/geist/files/geist-latin-wght-normal.woff2 was preloaded using link preload but not used within a few seconds from the window's load event. Please make sure it has an appropriate `as` value and it is preloaded intentionally. @ http://localhost:4321/:0
[  167410ms] [ERROR] Failed to load resource: the server responded with a status of 404 (Not Found) @ http://localhost:4321/@fontsource-variable/geist/files/geist-latin-wght-normal.woff2:0
[  167425ms] [ERROR] Failed to load resource: the server responded with a status of 404 (Not Found) @ http://localhost:4321/@fontsource-variable/inter/files/inter-latin-wght-normal.woff2:0
[  167474ms] [ERROR] Failed to load resource: the server responded with a status of 504 (Outdated Optimize Dep) @ http://localhost:4321/@id/astro/runtime/client/dev-toolbar/entrypoint.js:0
[  170603ms] [WARNING] The resource http://localhost:4321/@fontsource-variable/inter/files/inter-latin-wght-normal.woff2 was preloaded using link preload but not used within a few seconds from the window's load event. Please make sure it has an appropriate `as` value and it is preloaded intentionally. @ http://localhost:4321/:0
[  170603ms] [WARNING] The resource http://localhost:4321/@fontsource-variable/geist/files/geist-latin-wght-normal.woff2 was preloaded using link preload but not used within a few seconds from the window's load event. Please make sure it has an appropriate `as` value and it is preloaded intentionally. @ http://localhost:4321/:0
[  177481ms] [ERROR] Failed to load resource: the server responded with a status of 504 (Outdated Optimize Dep) @ http://localhost:4321/@id/astro/runtime/client/dev-toolbar/entrypoint.js:0
[  177484ms] [ERROR] Failed to load resource: the server responded with a status of 404 (Not Found) @ http://localhost:4321/@fontsource-variable/geist/files/geist-latin-wght-normal.woff2:0
[  177484ms] [ERROR] Failed to load resource: the server responded with a status of 404 (Not Found) @ http://localhost:4321/@fontsource-variable/inter/files/inter-latin-wght-normal.woff2:0
[  180573ms] [WARNING] The resource http://localhost:4321/@fontsource-variable/inter/files/inter-latin-wght-normal.woff2 was preloaded using link preload but not used within a few seconds from the window's load event. Please make sure it has an appropriate `as` value and it is preloaded intentionally. @ http://localhost:4321/:0
[  180573ms] [WARNING] The resource http://localhost:4321/@fontsource-variable/geist/files/geist-latin-wght-normal.woff2 was preloaded using link preload but not used within a few seconds from the window's load event. Please make sure it has an appropriate `as` value and it is preloaded intentionally. @ http://localhost:4321/:0
[  183350ms] [ERROR] Failed to load resource: the server responded with a status of 404 (Not Found) @ http://localhost:4321/@fontsource-variable/geist/files/geist-latin-wght-normal.woff2:0
[  183350ms] [ERROR] Failed to load resource: the server responded with a status of 404 (Not Found) @ http://localhost:4321/@fontsource-variable/inter/files/inter-latin-wght-normal.woff2:0
[  183351ms] [ERROR] Failed to load resource: the server responded with a status of 504 (Outdated Optimize Dep) @ http://localhost:4321/@id/astro/runtime/client/dev-toolbar/entrypoint.js:0
[  186467ms] [WARNING] The resource http://localhost:4321/@fontsource-variable/inter/files/inter-latin-wght-normal.woff2 was preloaded using link preload but not used within a few seconds from the window's load event. Please make sure it has an appropriate `as` value and it is preloaded intentionally. @ http://localhost:4321/:0
[  186467ms] [WARNING] The resource http://localhost:4321/@fontsource-variable/geist/files/geist-latin-wght-normal.woff2 was preloaded using link preload but not used within a few seconds from the window's load event. Please make sure it has an appropriate `as` value and it is preloaded intentionally. @ http://localhost:4321/:0
[  191135ms] [ERROR] Failed to load resource: the server responded with a status of 404 (Not Found) @ http://localhost:4321/@fontsource-variable/geist/files/geist-latin-wght-normal.woff2:0
[  191135ms] [ERROR] Failed to load resource: the server responded with a status of 404 (Not Found) @ http://localhost:4321/@fontsource-variable/inter/files/inter-latin-wght-normal.woff2:0
[  191136ms] [ERROR] Failed to load resource: the server responded with a status of 504 (Outdated Optimize Dep) @ http://localhost:4321/@id/astro/runtime/client/dev-toolbar/entrypoint.js:0
[  194175ms] [WARNING] The resource http://localhost:4321/@fontsource-variable/inter/files/inter-latin-wght-normal.woff2 was preloaded using link preload but not used within a few seconds from the window's load event. Please make sure it has an appropriate `as` value and it is preloaded intentionally. @ http://localhost:4321/:0
[  194175ms] [WARNING] The resource http://localhost:4321/@fontsource-variable/geist/files/geist-latin-wght-normal.woff2 was preloaded using link preload but not used within a few seconds from the window's load event. Please make sure it has an appropriate `as` value and it is preloaded intentionally. @ http://localhost:4321/:0
[  204015ms] [ERROR] Failed to load resource: the server responded with a status of 404 (Not Found) @ http://localhost:4321/@fontsource-variable/geist/files/geist-latin-wght-normal.woff2:0
[  204015ms] [ERROR] Failed to load resource: the server responded with a status of 404 (Not Found) @ http://localhost:4321/@fontsource-variable/inter/files/inter-latin-wght-normal.woff2:0
[  204481ms] [ERROR] Failed to load resource: the server responded with a status of 504 (Outdated Optimize Dep) @ http://localhost:4321/@id/astro/runtime/client/dev-toolbar/entrypoint.js:0
[  207590ms] [WARNING] The resource http://localhost:4321/@fontsource-variable/inter/files/inter-latin-wght-normal.woff2 was preloaded using link preload but not used within a few seconds from the window's load event. Please make sure it has an appropriate `as` value and it is preloaded intentionally. @ http://localhost:4321/:0
[  207590ms] [WARNING] The resource http://localhost:4321/@fontsource-variable/geist/files/geist-latin-wght-normal.woff2 was preloaded using link preload but not used within a few seconds from the window's load event. Please make sure it has an appropriate `as` value and it is preloaded intentionally. @ http://localhost:4321/:0
[  211628ms] [ERROR] Failed to load resource: the server responded with a status of 504 (Outdated Optimize Dep) @ http://localhost:4321/@id/astro/runtime/client/dev-toolbar/entrypoint.js:0
[  211633ms] [ERROR] Failed to load resource: the server responded with a status of 404 (Not Found) @ http://localhost:4321/@fontsource-variable/inter/files/inter-latin-wght-normal.woff2:0
[  211635ms] [ERROR] Failed to load resource: the server responded with a status of 404 (Not Found) @ http://localhost:4321/@fontsource-variable/geist/files/geist-latin-wght-normal.woff2:0
[  214779ms] [WARNING] The resource http://localhost:4321/@fontsource-variable/inter/files/inter-latin-wght-normal.woff2 was preloaded using link preload but not used within a few seconds from the window's load event. Please make sure it has an appropriate `as` value and it is preloaded intentionally. @ http://localhost:4321/:0
[  214779ms] [WARNING] The resource http://localhost:4321/@fontsource-variable/geist/files/geist-latin-wght-normal.woff2 was preloaded using link preload but not used within a few seconds from the window's load event. Please make sure it has an appropriate `as` value and it is preloaded intentionally. @ http://localhost:4321/:0
