[     791ms] [ERROR] Failed to load resource: the server responded with a status of 404 (Not Found) @ http://localhost:4321/@fontsource-variable/geist/files/geist-latin-wght-normal.woff2:0
[     791ms] [ERROR] Failed to load resource: the server responded with a status of 404 (Not Found) @ http://localhost:4321/@fontsource-variable/inter/files/inter-latin-wght-normal.woff2:0
[     792ms] [ERROR] Failed to load resource: the server responded with a status of 504 (Outdated Optimize Dep) @ http://localhost:4321/@id/astro/runtime/client/dev-toolbar/entrypoint.js:0
[    3969ms] [WARNING] The resource http://localhost:4321/@fontsource-variable/inter/files/inter-latin-wght-normal.woff2 was preloaded using link preload but not used within a few seconds from the window's load event. Please make sure it has an appropriate `as` value and it is preloaded intentionally. @ http://localhost:4321/:0
[    3970ms] [WARNING] The resource http://localhost:4321/@fontsource-variable/geist/files/geist-latin-wght-normal.woff2 was preloaded using link preload but not used within a few seconds from the window's load event. Please make sure it has an appropriate `as` value and it is preloaded intentionally. @ http://localhost:4321/:0
[  387961ms] [ERROR] Failed to load resource: the server responded with a status of 404 (Not Found) @ http://localhost:4321/@fontsource-variable/geist/files/geist-latin-wght-normal.woff2:0
[  387962ms] [ERROR] Failed to load resource: the server responded with a status of 404 (Not Found) @ http://localhost:4321/@fontsource-variable/inter/files/inter-latin-wght-normal.woff2:0
[  387966ms] [ERROR] Failed to load resource: the server responded with a status of 504 (Outdated Optimize Dep) @ http://localhost:4321/@id/astro/runtime/client/dev-toolbar/entrypoint.js:0
[  392868ms] [WARNING] The resource http://localhost:4321/@fontsource-variable/inter/files/inter-latin-wght-normal.woff2 was preloaded using link preload but not used within a few seconds from the window's load event. Please make sure it has an appropriate `as` value and it is preloaded intentionally. @ http://localhost:4321/:0
[  392868ms] [WARNING] The resource http://localhost:4321/@fontsource-variable/geist/files/geist-latin-wght-normal.woff2 was preloaded using link preload but not used within a few seconds from the window's load event. Please make sure it has an appropriate `as` value and it is preloaded intentionally. @ http://localhost:4321/:0
[  514384ms] [ERROR] Failed to load resource: the server responded with a status of 504 (Outdated Optimize Dep) @ http://localhost:4321/@id/astro/runtime/client/dev-toolbar/entrypoint.js:0
[  514395ms] [ERROR] Failed to load resource: the server responded with a status of 404 (Not Found) @ http://localhost:4321/@fontsource-variable/geist/files/geist-latin-wght-normal.woff2:0
[  514395ms] [ERROR] Failed to load resource: the server responded with a status of 404 (Not Found) @ http://localhost:4321/@fontsource-variable/inter/files/inter-latin-wght-normal.woff2:0
[  517593ms] [WARNING] The resource http://localhost:4321/@fontsource-variable/inter/files/inter-latin-wght-normal.woff2 was preloaded using link preload but not used within a few seconds from the window's load event. Please make sure it has an appropriate `as` value and it is preloaded intentionally. @ http://localhost:4321/:0
[  517593ms] [WARNING] The resource http://localhost:4321/@fontsource-variable/geist/files/geist-latin-wght-normal.woff2 was preloaded using link preload but not used within a few seconds from the window's load event. Please make sure it has an appropriate `as` value and it is preloaded intentionally. @ http://localhost:4321/:0
[  547270ms] [ERROR] Failed to load resource: the server responded with a status of 404 (Not Found) @ http://localhost:4321/@fontsource-variable/geist/files/geist-latin-wght-normal.woff2:0
[  547270ms] [ERROR] Failed to load resource: the server responded with a status of 404 (Not Found) @ http://localhost:4321/@fontsource-variable/inter/files/inter-latin-wght-normal.woff2:0
[  547280ms] [ERROR] Failed to load resource: the server responded with a status of 504 (Outdated Optimize Dep) @ http://localhost:4321/@id/astro/runtime/client/dev-toolbar/entrypoint.js:0
[  550317ms] [WARNING] The resource http://localhost:4321/@fontsource-variable/inter/files/inter-latin-wght-normal.woff2 was preloaded using link preload but not used within a few seconds from the window's load event. Please make sure it has an appropriate `as` value and it is preloaded intentionally. @ http://localhost:4321/:0
[  550317ms] [WARNING] The resource http://localhost:4321/@fontsource-variable/geist/files/geist-latin-wght-normal.woff2 was preloaded using link preload but not used within a few seconds from the window's load event. Please make sure it has an appropriate `as` value and it is preloaded intentionally. @ http://localhost:4321/:0
[  564428ms] [ERROR] Failed to load resource: the server responded with a status of 404 (Not Found) @ http://localhost:4321/@fontsource-variable/geist/files/geist-latin-wght-normal.woff2:0
[  564435ms] [ERROR] Failed to load resource: the server responded with a status of 404 (Not Found) @ http://localhost:4321/@fontsource-variable/inter/files/inter-latin-wght-normal.woff2:0
[  564479ms] [ERROR] Failed to load resource: the server responded with a status of 504 (Outdated Optimize Dep) @ http://localhost:4321/@id/astro/runtime/client/dev-toolbar/entrypoint.js:0
[  567543ms] [WARNING] The resource http://localhost:4321/@fontsource-variable/inter/files/inter-latin-wght-normal.woff2 was preloaded using link preload but not used within a few seconds from the window's load event. Please make sure it has an appropriate `as` value and it is preloaded intentionally. @ http://localhost:4321/:0
[  567544ms] [WARNING] The resource http://localhost:4321/@fontsource-variable/geist/files/geist-latin-wght-normal.woff2 was preloaded using link preload but not used within a few seconds from the window's load event. Please make sure it has an appropriate `as` value and it is preloaded intentionally. @ http://localhost:4321/:0
[  570459ms] [ERROR] Failed to load resource: the server responded with a status of 504 (Outdated Optimize Dep) @ http://localhost:4321/@id/astro/runtime/client/dev-toolbar/entrypoint.js:0
[  570461ms] [ERROR] Failed to load resource: the server responded with a status of 404 (Not Found) @ http://localhost:4321/@fontsource-variable/geist/files/geist-latin-wght-normal.woff2:0
[  570461ms] [ERROR] Failed to load resource: the server responded with a status of 404 (Not Found) @ http://localhost:4321/@fontsource-variable/inter/files/inter-latin-wght-normal.woff2:0
[  573539ms] [WARNING] The resource http://localhost:4321/@fontsource-variable/inter/files/inter-latin-wght-normal.woff2 was preloaded using link preload but not used within a few seconds from the window's load event. Please make sure it has an appropriate `as` value and it is preloaded intentionally. @ http://localhost:4321/:0
[  573539ms] [WARNING] The resource http://localhost:4321/@fontsource-variable/geist/files/geist-latin-wght-normal.woff2 was preloaded using link preload but not used within a few seconds from the window's load event. Please make sure it has an appropriate `as` value and it is preloaded intentionally. @ http://localhost:4321/:0
[  581177ms] [WARNING] The resource http://localhost:4321/@fontsource-variable/inter/files/inter-latin-wght-normal.woff2 was preloaded using link preload but not used within a few seconds from the window's load event. Please make sure it has an appropriate `as` value and it is preloaded intentionally. @ http://localhost:4321/:0
[  581177ms] [WARNING] The resource http://localhost:4321/@fontsource-variable/geist/files/geist-latin-wght-normal.woff2 was preloaded using link preload but not used within a few seconds from the window's load event. Please make sure it has an appropriate `as` value and it is preloaded intentionally. @ http://localhost:4321/:0
[  608004ms] [ERROR] Failed to load resource: the server responded with a status of 404 (Not Found) @ http://localhost:4321/@fontsource-variable/geist/files/geist-latin-wght-normal.woff2:0
[  608006ms] [ERROR] Failed to load resource: the server responded with a status of 404 (Not Found) @ http://localhost:4321/@fontsource-variable/inter/files/inter-latin-wght-normal.woff2:0
[  608091ms] [ERROR] Failed to load resource: the server responded with a status of 504 (Outdated Optimize Dep) @ http://localhost:4321/@id/astro/runtime/client/dev-toolbar/entrypoint.js:0
[  611240ms] [WARNING] The resource http://localhost:4321/@fontsource-variable/inter/files/inter-latin-wght-normal.woff2 was preloaded using link preload but not used within a few seconds from the window's load event. Please make sure it has an appropriate `as` value and it is preloaded intentionally. @ http://localhost:4321/:0
[  611241ms] [WARNING] The resource http://localhost:4321/@fontsource-variable/geist/files/geist-latin-wght-normal.woff2 was preloaded using link preload but not used within a few seconds from the window's load event. Please make sure it has an appropriate `as` value and it is preloaded intentionally. @ http://localhost:4321/:0
[  830538ms] [ERROR] Failed to load resource: the server responded with a status of 504 (Outdated Optimize Dep) @ http://localhost:4321/@id/astro/runtime/client/dev-toolbar/entrypoint.js:0
[  830539ms] [ERROR] Failed to load resource: the server responded with a status of 404 (Not Found) @ http://localhost:4321/@fontsource-variable/geist/files/geist-latin-wght-normal.woff2:0
[  830539ms] [ERROR] Failed to load resource: the server responded with a status of 404 (Not Found) @ http://localhost:4321/@fontsource-variable/inter/files/inter-latin-wght-normal.woff2:0
[  833755ms] [WARNING] The resource http://localhost:4321/@fontsource-variable/inter/files/inter-latin-wght-normal.woff2 was preloaded using link preload but not used within a few seconds from the window's load event. Please make sure it has an appropriate `as` value and it is preloaded intentionally. @ http://localhost:4321/:0
[  833755ms] [WARNING] The resource http://localhost:4321/@fontsource-variable/geist/files/geist-latin-wght-normal.woff2 was preloaded using link preload but not used within a few seconds from the window's load event. Please make sure it has an appropriate `as` value and it is preloaded intentionally. @ http://localhost:4321/:0
[  837497ms] [ERROR] Failed to load resource: the server responded with a status of 404 (Not Found) @ http://localhost:4321/@fontsource-variable/geist/files/geist-latin-wght-normal.woff2:0
[  837497ms] [ERROR] Failed to load resource: the server responded with a status of 404 (Not Found) @ http://localhost:4321/@fontsource-variable/inter/files/inter-latin-wght-normal.woff2:0
[  837506ms] [ERROR] Failed to load resource: the server responded with a status of 504 (Outdated Optimize Dep) @ http://localhost:4321/@id/astro/runtime/client/dev-toolbar/entrypoint.js:0
[  841016ms] [WARNING] The resource http://localhost:4321/@fontsource-variable/inter/files/inter-latin-wght-normal.woff2 was preloaded using link preload but not used within a few seconds from the window's load event. Please make sure it has an appropriate `as` value and it is preloaded intentionally. @ http://localhost:4321/:0
[  841016ms] [WARNING] The resource http://localhost:4321/@fontsource-variable/geist/files/geist-latin-wght-normal.woff2 was preloaded using link preload but not used within a few seconds from the window's load event. Please make sure it has an appropriate `as` value and it is preloaded intentionally. @ http://localhost:4321/:0
[  873330ms] [ERROR] Failed to load resource: the server responded with a status of 404 (Not Found) @ http://localhost:4321/@fontsource-variable/geist/files/geist-latin-wght-normal.woff2:0
[  873330ms] [ERROR] Failed to load resource: the server responded with a status of 404 (Not Found) @ http://localhost:4321/@fontsource-variable/inter/files/inter-latin-wght-normal.woff2:0
[  873355ms] [ERROR] Failed to load resource: the server responded with a status of 504 (Outdated Optimize Dep) @ http://localhost:4321/@id/astro/runtime/client/dev-toolbar/entrypoint.js:0
[  876533ms] [WARNING] The resource http://localhost:4321/@fontsource-variable/inter/files/inter-latin-wght-normal.woff2 was preloaded using link preload but not used within a few seconds from the window's load event. Please make sure it has an appropriate `as` value and it is preloaded intentionally. @ http://localhost:4321/:0
[  876533ms] [WARNING] The resource http://localhost:4321/@fontsource-variable/geist/files/geist-latin-wght-normal.woff2 was preloaded using link preload but not used within a few seconds from the window's load event. Please make sure it has an appropriate `as` value and it is preloaded intentionally. @ http://localhost:4321/:0
[  883188ms] [ERROR] Failed to load resource: the server responded with a status of 404 (Not Found) @ http://localhost:4321/@fontsource-variable/geist/files/geist-latin-wght-normal.woff2:0
[  883188ms] [ERROR] Failed to load resource: the server responded with a status of 404 (Not Found) @ http://localhost:4321/@fontsource-variable/inter/files/inter-latin-wght-normal.woff2:0
[  883189ms] [ERROR] Failed to load resource: the server responded with a status of 504 (Outdated Optimize Dep) @ http://localhost:4321/@id/astro/runtime/client/dev-toolbar/entrypoint.js:0
[  886233ms] [WARNING] The resource http://localhost:4321/@fontsource-variable/inter/files/inter-latin-wght-normal.woff2 was preloaded using link preload but not used within a few seconds from the window's load event. Please make sure it has an appropriate `as` value and it is preloaded intentionally. @ http://localhost:4321/:0
[  886233ms] [WARNING] The resource http://localhost:4321/@fontsource-variable/geist/files/geist-latin-wght-normal.woff2 was preloaded using link preload but not used within a few seconds from the window's load event. Please make sure it has an appropriate `as` value and it is preloaded intentionally. @ http://localhost:4321/:0
[  942367ms] [ERROR] Failed to load resource: the server responded with a status of 404 (Not Found) @ http://localhost:4321/@fontsource-variable/geist/files/geist-latin-wght-normal.woff2:0
[  942371ms] [ERROR] Failed to load resource: the server responded with a status of 404 (Not Found) @ http://localhost:4321/@fontsource-variable/inter/files/inter-latin-wght-normal.woff2:0
[  942382ms] [ERROR] Failed to load resource: the server responded with a status of 504 (Outdated Optimize Dep) @ http://localhost:4321/@id/astro/runtime/client/dev-toolbar/entrypoint.js:0
[  945557ms] [WARNING] The resource http://localhost:4321/@fontsource-variable/inter/files/inter-latin-wght-normal.woff2 was preloaded using link preload but not used within a few seconds from the window's load event. Please make sure it has an appropriate `as` value and it is preloaded intentionally. @ http://localhost:4321/:0
[  945557ms] [WARNING] The resource http://localhost:4321/@fontsource-variable/geist/files/geist-latin-wght-normal.woff2 was preloaded using link preload but not used within a few seconds from the window's load event. Please make sure it has an appropriate `as` value and it is preloaded intentionally. @ http://localhost:4321/:0
[  965200ms] [ERROR] Failed to load resource: the server responded with a status of 404 (Not Found) @ http://localhost:4321/@fontsource-variable/geist/files/geist-latin-wght-normal.woff2:0
[  965200ms] [ERROR] Failed to load resource: the server responded with a status of 404 (Not Found) @ http://localhost:4321/@fontsource-variable/inter/files/inter-latin-wght-normal.woff2:0
[  965201ms] [ERROR] Failed to load resource: the server responded with a status of 504 (Outdated Optimize Dep) @ http://localhost:4321/@id/astro/runtime/client/dev-toolbar/entrypoint.js:0
[  968239ms] [WARNING] The resource http://localhost:4321/@fontsource-variable/inter/files/inter-latin-wght-normal.woff2 was preloaded using link preload but not used within a few seconds from the window's load event. Please make sure it has an appropriate `as` value and it is preloaded intentionally. @ http://localhost:4321/:0
[  968239ms] [WARNING] The resource http://localhost:4321/@fontsource-variable/geist/files/geist-latin-wght-normal.woff2 was preloaded using link preload but not used within a few seconds from the window's load event. Please make sure it has an appropriate `as` value and it is preloaded intentionally. @ http://localhost:4321/:0
[  984426ms] [ERROR] Failed to load resource: the server responded with a status of 404 (Not Found) @ http://localhost:4321/@fontsource-variable/geist/files/geist-latin-wght-normal.woff2:0
[  984431ms] [ERROR] Failed to load resource: the server responded with a status of 404 (Not Found) @ http://localhost:4321/@fontsource-variable/inter/files/inter-latin-wght-normal.woff2:0
[  984506ms] [ERROR] Failed to load resource: the server responded with a status of 504 (Outdated Optimize Dep) @ http://localhost:4321/@id/astro/runtime/client/dev-toolbar/entrypoint.js:0
[  987712ms] [WARNING] The resource http://localhost:4321/@fontsource-variable/inter/files/inter-latin-wght-normal.woff2 was preloaded using link preload but not used within a few seconds from the window's load event. Please make sure it has an appropriate `as` value and it is preloaded intentionally. @ http://localhost:4321/:0
[  987712ms] [WARNING] The resource http://localhost:4321/@fontsource-variable/geist/files/geist-latin-wght-normal.woff2 was preloaded using link preload but not used within a few seconds from the window's load event. Please make sure it has an appropriate `as` value and it is preloaded intentionally. @ http://localhost:4321/:0
