[     555ms] [ERROR] Failed to load resource: the server responded with a status of 404 (Not Found) @ http://localhost:4321/@fontsource-variable/geist/files/geist-latin-wght-normal.woff2:0
[     555ms] [ERROR] Failed to load resource: the server responded with a status of 404 (Not Found) @ http://localhost:4321/@fontsource-variable/inter/files/inter-latin-wght-normal.woff2:0
[     556ms] [ERROR] Failed to load resource: the server responded with a status of 504 (Outdated Optimize Dep) @ http://localhost:4321/@id/astro/runtime/client/dev-toolbar/entrypoint.js:0
[    3596ms] [WARNING] The resource http://localhost:4321/@fontsource-variable/inter/files/inter-latin-wght-normal.woff2 was preloaded using link preload but not used within a few seconds from the window's load event. Please make sure it has an appropriate `as` value and it is preloaded intentionally. @ http://localhost:4321/:0
[    3596ms] [WARNING] The resource http://localhost:4321/@fontsource-variable/geist/files/geist-latin-wght-normal.woff2 was preloaded using link preload but not used within a few seconds from the window's load event. Please make sure it has an appropriate `as` value and it is preloaded intentionally. @ http://localhost:4321/:0
[   50835ms] [ERROR] Failed to load resource: the server responded with a status of 404 (Not Found) @ http://localhost:4321/@fontsource-variable/geist/files/geist-latin-wght-normal.woff2:0
[   50836ms] [ERROR] Failed to load resource: the server responded with a status of 404 (Not Found) @ http://localhost:4321/@fontsource-variable/inter/files/inter-latin-wght-normal.woff2:0
[   50847ms] [ERROR] Failed to load resource: the server responded with a status of 504 (Outdated Optimize Dep) @ http://localhost:4321/@id/astro/runtime/client/dev-toolbar/entrypoint.js:0
[   55639ms] [WARNING] The resource http://localhost:4321/@fontsource-variable/inter/files/inter-latin-wght-normal.woff2 was preloaded using link preload but not used within a few seconds from the window's load event. Please make sure it has an appropriate `as` value and it is preloaded intentionally. @ http://localhost:4321/:0
[   55640ms] [WARNING] The resource http://localhost:4321/@fontsource-variable/geist/files/geist-latin-wght-normal.woff2 was preloaded using link preload but not used within a few seconds from the window's load event. Please make sure it has an appropriate `as` value and it is preloaded intentionally. @ http://localhost:4321/:0
[  461538ms] [ERROR] Failed to load resource: the server responded with a status of 404 (Not Found) @ http://localhost:4321/@fontsource-variable/geist/files/geist-latin-wght-normal.woff2:0
[  461541ms] [ERROR] Failed to load resource: the server responded with a status of 404 (Not Found) @ http://localhost:4321/@fontsource-variable/inter/files/inter-latin-wght-normal.woff2:0
[  461556ms] [ERROR] Failed to load resource: the server responded with a status of 504 (Outdated Optimize Dep) @ http://localhost:4321/@id/astro/runtime/client/dev-toolbar/entrypoint.js:0
[  464681ms] [WARNING] The resource http://localhost:4321/@fontsource-variable/inter/files/inter-latin-wght-normal.woff2 was preloaded using link preload but not used within a few seconds from the window's load event. Please make sure it has an appropriate `as` value and it is preloaded intentionally. @ http://localhost:4321/:0
[  464681ms] [WARNING] The resource http://localhost:4321/@fontsource-variable/geist/files/geist-latin-wght-normal.woff2 was preloaded using link preload but not used within a few seconds from the window's load event. Please make sure it has an appropriate `as` value and it is preloaded intentionally. @ http://localhost:4321/:0
[  560059ms] [ERROR] Failed to load resource: the server responded with a status of 404 (Not Found) @ http://localhost:4321/@fontsource-variable/geist/files/geist-latin-wght-normal.woff2:0
[  560062ms] [ERROR] Failed to load resource: the server responded with a status of 404 (Not Found) @ http://localhost:4321/@fontsource-variable/inter/files/inter-latin-wght-normal.woff2:0
[  560072ms] [ERROR] Failed to load resource: the server responded with a status of 504 (Outdated Optimize Dep) @ http://localhost:4321/@id/astro/runtime/client/dev-toolbar/entrypoint.js:0
[  560791ms] [ERROR] Failed to load resource: the server responded with a status of 404 (Not Found) @ http://localhost:4321/@fontsource-variable/geist/files/geist-latin-wght-normal.woff2:0
[  560791ms] [ERROR] Failed to load resource: the server responded with a status of 404 (Not Found) @ http://localhost:4321/@fontsource-variable/inter/files/inter-latin-wght-normal.woff2:0
[  560792ms] [ERROR] Failed to load resource: the server responded with a status of 504 (Outdated Optimize Dep) @ http://localhost:4321/@id/astro/runtime/client/dev-toolbar/entrypoint.js:0
[  563838ms] [WARNING] The resource http://localhost:4321/@fontsource-variable/inter/files/inter-latin-wght-normal.woff2 was preloaded using link preload but not used within a few seconds from the window's load event. Please make sure it has an appropriate `as` value and it is preloaded intentionally. @ http://localhost:4321/:0
[  563838ms] [WARNING] The resource http://localhost:4321/@fontsource-variable/geist/files/geist-latin-wght-normal.woff2 was preloaded using link preload but not used within a few seconds from the window's load event. Please make sure it has an appropriate `as` value and it is preloaded intentionally. @ http://localhost:4321/:0
[  567123ms] [ERROR] Failed to load resource: the server responded with a status of 404 (Not Found) @ http://localhost:4321/@fontsource-variable/geist/files/geist-latin-wght-normal.woff2:0
[  567124ms] [ERROR] Failed to load resource: the server responded with a status of 404 (Not Found) @ http://localhost:4321/@fontsource-variable/inter/files/inter-latin-wght-normal.woff2:0
[  567132ms] [ERROR] Failed to load resource: the server responded with a status of 504 (Outdated Optimize Dep) @ http://localhost:4321/@id/astro/runtime/client/dev-toolbar/entrypoint.js:0
[  567837ms] [ERROR] Failed to load resource: the server responded with a status of 404 (Not Found) @ http://localhost:4321/@fontsource-variable/geist/files/geist-latin-wght-normal.woff2:0
[  567839ms] [ERROR] Failed to load resource: the server responded with a status of 404 (Not Found) @ http://localhost:4321/@fontsource-variable/inter/files/inter-latin-wght-normal.woff2:0
[  567847ms] [ERROR] Failed to load resource: the server responded with a status of 504 (Outdated Optimize Dep) @ http://localhost:4321/@id/astro/runtime/client/dev-toolbar/entrypoint.js:0
[  570890ms] [WARNING] The resource http://localhost:4321/@fontsource-variable/inter/files/inter-latin-wght-normal.woff2 was preloaded using link preload but not used within a few seconds from the window's load event. Please make sure it has an appropriate `as` value and it is preloaded intentionally. @ http://localhost:4321/:0
[  570890ms] [WARNING] The resource http://localhost:4321/@fontsource-variable/geist/files/geist-latin-wght-normal.woff2 was preloaded using link preload but not used within a few seconds from the window's load event. Please make sure it has an appropriate `as` value and it is preloaded intentionally. @ http://localhost:4321/:0
[  586669ms] [ERROR] Failed to load resource: the server responded with a status of 404 (Not Found) @ http://localhost:4321/@fontsource-variable/geist/files/geist-latin-wght-normal.woff2:0
[  586669ms] [ERROR] Failed to load resource: the server responded with a status of 404 (Not Found) @ http://localhost:4321/@fontsource-variable/inter/files/inter-latin-wght-normal.woff2:0
[  586669ms] [ERROR] Failed to load resource: the server responded with a status of 504 (Outdated Optimize Dep) @ http://localhost:4321/@id/astro/runtime/client/dev-toolbar/entrypoint.js:0
[  589711ms] [WARNING] The resource http://localhost:4321/@fontsource-variable/inter/files/inter-latin-wght-normal.woff2 was preloaded using link preload but not used within a few seconds from the window's load event. Please make sure it has an appropriate `as` value and it is preloaded intentionally. @ http://localhost:4321/:0
[  589711ms] [WARNING] The resource http://localhost:4321/@fontsource-variable/geist/files/geist-latin-wght-normal.woff2 was preloaded using link preload but not used within a few seconds from the window's load event. Please make sure it has an appropriate `as` value and it is preloaded intentionally. @ http://localhost:4321/:0
[  596433ms] [ERROR] Failed to load resource: the server responded with a status of 404 (Not Found) @ http://localhost:4321/@fontsource-variable/geist/files/geist-latin-wght-normal.woff2:0
[  596433ms] [ERROR] Failed to load resource: the server responded with a status of 404 (Not Found) @ http://localhost:4321/@fontsource-variable/inter/files/inter-latin-wght-normal.woff2:0
[  596442ms] [ERROR] Failed to load resource: the server responded with a status of 504 (Outdated Optimize Dep) @ http://localhost:4321/@id/astro/runtime/client/dev-toolbar/entrypoint.js:0
[  599478ms] [WARNING] The resource http://localhost:4321/@fontsource-variable/inter/files/inter-latin-wght-normal.woff2 was preloaded using link preload but not used within a few seconds from the window's load event. Please make sure it has an appropriate `as` value and it is preloaded intentionally. @ http://localhost:4321/:0
[  599478ms] [WARNING] The resource http://localhost:4321/@fontsource-variable/geist/files/geist-latin-wght-normal.woff2 was preloaded using link preload but not used within a few seconds from the window's load event. Please make sure it has an appropriate `as` value and it is preloaded intentionally. @ http://localhost:4321/:0
[  603816ms] [ERROR] Failed to load resource: the server responded with a status of 404 (Not Found) @ http://localhost:4321/@fontsource-variable/geist/files/geist-latin-wght-normal.woff2:0
[  603816ms] [ERROR] Failed to load resource: the server responded with a status of 404 (Not Found) @ http://localhost:4321/@fontsource-variable/inter/files/inter-latin-wght-normal.woff2:0
[  603816ms] [ERROR] Failed to load resource: the server responded with a status of 504 (Outdated Optimize Dep) @ http://localhost:4321/@id/astro/runtime/client/dev-toolbar/entrypoint.js:0
[  606857ms] [WARNING] The resource http://localhost:4321/@fontsource-variable/inter/files/inter-latin-wght-normal.woff2 was preloaded using link preload but not used within a few seconds from the window's load event. Please make sure it has an appropriate `as` value and it is preloaded intentionally. @ http://localhost:4321/:0
[  606857ms] [WARNING] The resource http://localhost:4321/@fontsource-variable/geist/files/geist-latin-wght-normal.woff2 was preloaded using link preload but not used within a few seconds from the window's load event. Please make sure it has an appropriate `as` value and it is preloaded intentionally. @ http://localhost:4321/:0
[  607586ms] [ERROR] Failed to load resource: the server responded with a status of 404 (Not Found) @ http://localhost:4321/@fontsource-variable/geist/files/geist-latin-wght-normal.woff2:0
[  607586ms] [ERROR] Failed to load resource: the server responded with a status of 404 (Not Found) @ http://localhost:4321/@fontsource-variable/inter/files/inter-latin-wght-normal.woff2:0
[  607586ms] [ERROR] Failed to load resource: the server responded with a status of 504 (Outdated Optimize Dep) @ http://localhost:4321/@id/astro/runtime/client/dev-toolbar/entrypoint.js:0
[  610623ms] [WARNING] The resource http://localhost:4321/@fontsource-variable/inter/files/inter-latin-wght-normal.woff2 was preloaded using link preload but not used within a few seconds from the window's load event. Please make sure it has an appropriate `as` value and it is preloaded intentionally. @ http://localhost:4321/:0
[  610623ms] [WARNING] The resource http://localhost:4321/@fontsource-variable/geist/files/geist-latin-wght-normal.woff2 was preloaded using link preload but not used within a few seconds from the window's load event. Please make sure it has an appropriate `as` value and it is preloaded intentionally. @ http://localhost:4321/:0
[  611181ms] [ERROR] Failed to load resource: the server responded with a status of 404 (Not Found) @ http://localhost:4321/@fontsource-variable/geist/files/geist-latin-wght-normal.woff2:0
[  611181ms] [ERROR] Failed to load resource: the server responded with a status of 504 (Outdated Optimize Dep) @ http://localhost:4321/@id/astro/runtime/client/dev-toolbar/entrypoint.js:0
[  611182ms] [ERROR] Failed to load resource: the server responded with a status of 404 (Not Found) @ http://localhost:4321/@fontsource-variable/inter/files/inter-latin-wght-normal.woff2:0
[  614235ms] [WARNING] The resource http://localhost:4321/@fontsource-variable/inter/files/inter-latin-wght-normal.woff2 was preloaded using link preload but not used within a few seconds from the window's load event. Please make sure it has an appropriate `as` value and it is preloaded intentionally. @ http://localhost:4321/:0
[  614235ms] [WARNING] The resource http://localhost:4321/@fontsource-variable/geist/files/geist-latin-wght-normal.woff2 was preloaded using link preload but not used within a few seconds from the window's load event. Please make sure it has an appropriate `as` value and it is preloaded intentionally. @ http://localhost:4321/:0
[  626728ms] [ERROR] Failed to load resource: the server responded with a status of 404 (Not Found) @ http://localhost:4321/@fontsource-variable/geist/files/geist-latin-wght-normal.woff2:0
[  626729ms] [ERROR] Failed to load resource: the server responded with a status of 404 (Not Found) @ http://localhost:4321/@fontsource-variable/inter/files/inter-latin-wght-normal.woff2:0
[  626738ms] [ERROR] Failed to load resource: the server responded with a status of 504 (Outdated Optimize Dep) @ http://localhost:4321/@id/astro/runtime/client/dev-toolbar/entrypoint.js:0
[  629884ms] [WARNING] The resource http://localhost:4321/@fontsource-variable/inter/files/inter-latin-wght-normal.woff2 was preloaded using link preload but not used within a few seconds from the window's load event. Please make sure it has an appropriate `as` value and it is preloaded intentionally. @ http://localhost:4321/:0
[  629884ms] [WARNING] The resource http://localhost:4321/@fontsource-variable/geist/files/geist-latin-wght-normal.woff2 was preloaded using link preload but not used within a few seconds from the window's load event. Please make sure it has an appropriate `as` value and it is preloaded intentionally. @ http://localhost:4321/:0
[  635538ms] [ERROR] Failed to load resource: the server responded with a status of 504 (Outdated Optimize Dep) @ http://localhost:4321/@id/astro/runtime/client/dev-toolbar/entrypoint.js:0
[  635538ms] [ERROR] Failed to load resource: the server responded with a status of 404 (Not Found) @ http://localhost:4321/@fontsource-variable/geist/files/geist-latin-wght-normal.woff2:0
[  635539ms] [ERROR] Failed to load resource: the server responded with a status of 404 (Not Found) @ http://localhost:4321/@fontsource-variable/inter/files/inter-latin-wght-normal.woff2:0
[  638688ms] [WARNING] The resource http://localhost:4321/@fontsource-variable/inter/files/inter-latin-wght-normal.woff2 was preloaded using link preload but not used within a few seconds from the window's load event. Please make sure it has an appropriate `as` value and it is preloaded intentionally. @ http://localhost:4321/:0
[  638688ms] [WARNING] The resource http://localhost:4321/@fontsource-variable/geist/files/geist-latin-wght-normal.woff2 was preloaded using link preload but not used within a few seconds from the window's load event. Please make sure it has an appropriate `as` value and it is preloaded intentionally. @ http://localhost:4321/:0
[  645130ms] [ERROR] Failed to load resource: the server responded with a status of 404 (Not Found) @ http://localhost:4321/@fontsource-variable/geist/files/geist-latin-wght-normal.woff2:0
[  645131ms] [ERROR] Failed to load resource: the server responded with a status of 404 (Not Found) @ http://localhost:4321/@fontsource-variable/inter/files/inter-latin-wght-normal.woff2:0
[  645142ms] [ERROR] Failed to load resource: the server responded with a status of 504 (Outdated Optimize Dep) @ http://localhost:4321/@id/astro/runtime/client/dev-toolbar/entrypoint.js:0
[  648630ms] [ERROR] Failed to load resource: the server responded with a status of 404 (Not Found) @ http://localhost:4321/@fontsource-variable/geist/files/geist-latin-wght-normal.woff2:0
[  648631ms] [ERROR] Failed to load resource: the server responded with a status of 404 (Not Found) @ http://localhost:4321/@fontsource-variable/inter/files/inter-latin-wght-normal.woff2:0
[  648639ms] [ERROR] Failed to load resource: the server responded with a status of 504 (Outdated Optimize Dep) @ http://localhost:4321/@id/astro/runtime/client/dev-toolbar/entrypoint.js:0
[  651957ms] [ERROR] Failed to load resource: the server responded with a status of 504 (Outdated Optimize Dep) @ http://localhost:4321/@id/astro/runtime/client/dev-toolbar/entrypoint.js:0
[  651963ms] [ERROR] Failed to load resource: the server responded with a status of 404 (Not Found) @ http://localhost:4321/@fontsource-variable/geist/files/geist-latin-wght-normal.woff2:0
[  651963ms] [ERROR] Failed to load resource: the server responded with a status of 404 (Not Found) @ http://localhost:4321/@fontsource-variable/inter/files/inter-latin-wght-normal.woff2:0
[  655090ms] [WARNING] The resource http://localhost:4321/@fontsource-variable/inter/files/inter-latin-wght-normal.woff2 was preloaded using link preload but not used within a few seconds from the window's load event. Please make sure it has an appropriate `as` value and it is preloaded intentionally. @ http://localhost:4321/:0
[  655092ms] [WARNING] The resource http://localhost:4321/@fontsource-variable/geist/files/geist-latin-wght-normal.woff2 was preloaded using link preload but not used within a few seconds from the window's load event. Please make sure it has an appropriate `as` value and it is preloaded intentionally. @ http://localhost:4321/:0
[  659566ms] [ERROR] Failed to load resource: the server responded with a status of 404 (Not Found) @ http://localhost:4321/@fontsource-variable/geist/files/geist-latin-wght-normal.woff2:0
[  659566ms] [ERROR] Failed to load resource: the server responded with a status of 404 (Not Found) @ http://localhost:4321/@fontsource-variable/inter/files/inter-latin-wght-normal.woff2:0
[  659566ms] [ERROR] Failed to load resource: the server responded with a status of 504 (Outdated Optimize Dep) @ http://localhost:4321/@id/astro/runtime/client/dev-toolbar/entrypoint.js:0
[  662681ms] [WARNING] The resource http://localhost:4321/@fontsource-variable/inter/files/inter-latin-wght-normal.woff2 was preloaded using link preload but not used within a few seconds from the window's load event. Please make sure it has an appropriate `as` value and it is preloaded intentionally. @ http://localhost:4321/:0
[  662682ms] [WARNING] The resource http://localhost:4321/@fontsource-variable/geist/files/geist-latin-wght-normal.woff2 was preloaded using link preload but not used within a few seconds from the window's load event. Please make sure it has an appropriate `as` value and it is preloaded intentionally. @ http://localhost:4321/:0
[  755609ms] [ERROR] Failed to load resource: the server responded with a status of 404 (Not Found) @ http://localhost:4321/@fontsource-variable/geist/files/geist-latin-wght-normal.woff2:0
[  755616ms] [ERROR] Failed to load resource: the server responded with a status of 404 (Not Found) @ http://localhost:4321/@fontsource-variable/inter/files/inter-latin-wght-normal.woff2:0
[  755681ms] [ERROR] Failed to load resource: the server responded with a status of 504 (Outdated Optimize Dep) @ http://localhost:4321/@id/astro/runtime/client/dev-toolbar/entrypoint.js:0
[  758775ms] [WARNING] The resource http://localhost:4321/@fontsource-variable/inter/files/inter-latin-wght-normal.woff2 was preloaded using link preload but not used within a few seconds from the window's load event. Please make sure it has an appropriate `as` value and it is preloaded intentionally. @ http://localhost:4321/:0
[  758776ms] [WARNING] The resource http://localhost:4321/@fontsource-variable/geist/files/geist-latin-wght-normal.woff2 was preloaded using link preload but not used within a few seconds from the window's load event. Please make sure it has an appropriate `as` value and it is preloaded intentionally. @ http://localhost:4321/:0
[ 2607365ms] [ERROR] Failed to load resource: the server responded with a status of 404 (Not Found) @ http://localhost:4321/@fontsource-variable/geist/files/geist-latin-wght-normal.woff2:0
[ 2607365ms] [ERROR] Failed to load resource: the server responded with a status of 404 (Not Found) @ http://localhost:4321/@fontsource-variable/inter/files/inter-latin-wght-normal.woff2:0
[ 2607377ms] [ERROR] Failed to load resource: the server responded with a status of 504 (Outdated Optimize Dep) @ http://localhost:4321/@id/astro/runtime/client/dev-toolbar/entrypoint.js:0
[ 2610626ms] [WARNING] The resource http://localhost:4321/@fontsource-variable/inter/files/inter-latin-wght-normal.woff2 was preloaded using link preload but not used within a few seconds from the window's load event. Please make sure it has an appropriate `as` value and it is preloaded intentionally. @ http://localhost:4321/:0
[ 2610626ms] [WARNING] The resource http://localhost:4321/@fontsource-variable/geist/files/geist-latin-wght-normal.woff2 was preloaded using link preload but not used within a few seconds from the window's load event. Please make sure it has an appropriate `as` value and it is preloaded intentionally. @ http://localhost:4321/:0
[ 2616290ms] [ERROR] Failed to load resource: the server responded with a status of 404 (Not Found) @ http://localhost:4321/@fontsource-variable/geist/files/geist-latin-wght-normal.woff2:0
[ 2616292ms] [ERROR] Failed to load resource: the server responded with a status of 404 (Not Found) @ http://localhost:4321/@fontsource-variable/inter/files/inter-latin-wght-normal.woff2:0
[ 2616304ms] [ERROR] Failed to load resource: the server responded with a status of 504 (Outdated Optimize Dep) @ http://localhost:4321/@id/astro/runtime/client/dev-toolbar/entrypoint.js:0
[ 2619498ms] [WARNING] The resource http://localhost:4321/@fontsource-variable/inter/files/inter-latin-wght-normal.woff2 was preloaded using link preload but not used within a few seconds from the window's load event. Please make sure it has an appropriate `as` value and it is preloaded intentionally. @ http://localhost:4321/:0
[ 2619498ms] [WARNING] The resource http://localhost:4321/@fontsource-variable/geist/files/geist-latin-wght-normal.woff2 was preloaded using link preload but not used within a few seconds from the window's load event. Please make sure it has an appropriate `as` value and it is preloaded intentionally. @ http://localhost:4321/:0
[ 2639702ms] [ERROR] Failed to load resource: the server responded with a status of 404 (Not Found) @ http://localhost:4321/@fontsource-variable/geist/files/geist-latin-wght-normal.woff2:0
[ 2639715ms] [ERROR] Failed to load resource: the server responded with a status of 404 (Not Found) @ http://localhost:4321/@fontsource-variable/inter/files/inter-latin-wght-normal.woff2:0
[ 2639740ms] [ERROR] Failed to load resource: the server responded with a status of 504 (Outdated Optimize Dep) @ http://localhost:4321/@id/astro/runtime/client/dev-toolbar/entrypoint.js:0
[ 2641270ms] [LOG] [vite] server connection lost. Polling for restart... @ http://localhost:4321/@vite/client:1598
[ 2643033ms] [WARNING] The resource http://localhost:4321/@fontsource-variable/inter/files/inter-latin-wght-normal.woff2 was preloaded using link preload but not used within a few seconds from the window's load event. Please make sure it has an appropriate `as` value and it is preloaded intentionally. @ http://localhost:4321/:0
[ 2643034ms] [WARNING] The resource http://localhost:4321/@fontsource-variable/geist/files/geist-latin-wght-normal.woff2 was preloaded using link preload but not used within a few seconds from the window's load event. Please make sure it has an appropriate `as` value and it is preloaded intentionally. @ http://localhost:4321/:0
[ 2648313ms] [WARNING] The resource http://localhost:4321/@fontsource-variable/inter/files/inter-latin-wght-normal.woff2 was preloaded using link preload but not used within a few seconds from the window's load event. Please make sure it has an appropriate `as` value and it is preloaded intentionally. @ http://localhost:4321/:0
[ 2648313ms] [WARNING] The resource http://localhost:4321/@fontsource-variable/geist/files/geist-latin-wght-normal.woff2 was preloaded using link preload but not used within a few seconds from the window's load event. Please make sure it has an appropriate `as` value and it is preloaded intentionally. @ http://localhost:4321/:0
[ 2662598ms] [ERROR] Failed to load resource: the server responded with a status of 404 (Not Found) @ http://localhost:4321/@fontsource-variable/geist/files/geist-latin-wght-normal.woff2:0
[ 2662599ms] [ERROR] Failed to load resource: the server responded with a status of 404 (Not Found) @ http://localhost:4321/@fontsource-variable/inter/files/inter-latin-wght-normal.woff2:0
[ 2663497ms] [ERROR] Failed to load resource: the server responded with a status of 504 (Outdated Optimize Dep) @ http://localhost:4321/node_modules/.vite/deps/lenis.js?v=9c25a484:0
[ 2663574ms] [ERROR] Failed to load resource: the server responded with a status of 504 (Outdated Optimize Dep) @ http://localhost:4321/node_modules/.vite/deps/settings-4QXBZ4I3.js?v=027e0560:0
[ 2663575ms] [ERROR] Failed to load resource: the server responded with a status of 504 (Outdated Optimize Dep) @ http://localhost:4321/node_modules/.vite/deps/toolbar-6SCLO2O7.js?v=027e0560:0
[ 2663575ms] [ERROR] Failed to load resource: the server responded with a status of 504 (Outdated Optimize Dep) @ http://localhost:4321/node_modules/.vite/deps/ui-library-BXPXIZOH.js?v=027e0560:0
[ 2663591ms] Failed to fetch dynamically imported module: http://localhost:4321/node_modules/.vite/deps/settings-4QXBZ4I3.js?v=027e0560
[ 2663581ms] [ERROR] Failed to load resource: the server responded with a status of 504 (Outdated Optimize Dep) @ http://localhost:4321/node_modules/.vite/deps/astro-FY3H42PK.js?v=027e0560:0
[ 2663589ms] [ERROR] Failed to load resource: the server responded with a status of 504 (Outdated Optimize Dep) @ http://localhost:4321/node_modules/.vite/deps/audit-KXRMX6ST.js?v=027e0560:0
[ 2663595ms] [ERROR] Failed to load resource: the server responded with a status of 504 (Outdated Optimize Dep) @ http://localhost:4321/node_modules/.vite/deps/xray-LDGAXMXV.js?v=027e0560:0
[ 2666598ms] [WARNING] The resource http://localhost:4321/@fontsource-variable/inter/files/inter-latin-wght-normal.woff2 was preloaded using link preload but not used within a few seconds from the window's load event. Please make sure it has an appropriate `as` value and it is preloaded intentionally. @ http://localhost:4321/:0
[ 2666599ms] [WARNING] The resource http://localhost:4321/@fontsource-variable/geist/files/geist-latin-wght-normal.woff2 was preloaded using link preload but not used within a few seconds from the window's load event. Please make sure it has an appropriate `as` value and it is preloaded intentionally. @ http://localhost:4321/:0
